<?xml version="1.0" encoding="UTF-8"?>
<!-- Generated by org.testng.reporters.JUnitReportReporter -->
<testsuite hostname="Guna" failures="0" tests="1" name="com.Episode39WindowHandling.WindowHandling" time="10.260" errors="0" timestamp="2024-02-26T16:09:00 IST" skipped="0">
  <testcase classname="com.Episode39WindowHandling.WindowHandling" name="main" time="10.260"/>
  <system-out/>
</testsuite> <!-- com.Episode39WindowHandling.WindowHandling -->
