<?xml version="1.0" encoding="UTF-8"?>
<!-- Generated by org.testng.reporters.JUnitReportReporter -->
<testsuite hostname="Guna" failures="0" tests="2" name="com.Episode56TestNGDataprovider.Parameters2" time="7.226" errors="0" timestamp="2024-03-03T20:43:37 IST" skipped="0">
  <testcase classname="com.Episode56TestNGDataprovider.Parameters2" name="login" time="4.735"/>
  <system-out/>
  <testcase classname="com.Episode56TestNGDataprovider.Parameters2" name="login" time="2.491"/>
  <system-out/>
</testsuite> <!-- com.Episode56TestNGDataprovider.Parameters2 -->
