<?xml version="1.0" encoding="UTF-8"?>
<!-- Generated by org.testng.reporters.JUnitReportReporter -->
<testsuite hostname="Guna" failures="0" tests="1" name="com.Episode47MavanParallel.WindowHandlingwithPrintAllWindow" time="13.034" errors="0" timestamp="2024-02-26T19:17:07 IST" skipped="0">
  <testcase classname="com.Episode47MavanParallel.WindowHandlingwithPrintAllWindow" name="main" time="13.034"/>
  <system-out/>
</testsuite> <!-- com.Episode47MavanParallel.WindowHandlingwithPrintAllWindow -->
