<?xml version="1.0" encoding="UTF-8"?>
<!-- Generated by org.testng.reporters.JUnitReportReporter -->
<testsuite hostname="Guna" failures="0" tests="2" name="com.Episode57TestNGDataproviderClassIndices.DataProvider1" time="6.699" errors="0" timestamp="2024-03-03T21:03:45 IST" skipped="0">
  <testcase classname="com.Episode57TestNGDataproviderClassIndices.DataProvider1" name="login" time="4.064"/>
  <system-out/>
  <testcase classname="com.Episode57TestNGDataproviderClassIndices.DataProvider1" name="login" time="2.635"/>
  <system-out/>
</testsuite> <!-- com.Episode57TestNGDataproviderClassIndices.DataProvider1 -->
