<?xml version="1.0" encoding="UTF-8"?>
<!-- Generated by org.testng.reporters.JUnitReportReporter -->
<testsuite hostname="Guna" failures="0" tests="5" name="com.Episode47MavanAttribute.AttributePriority" time="0.012" errors="0" timestamp="2024-02-26T19:54:40 IST" skipped="0">
  <testcase classname="com.Episode47MavanAttribute.AttributePriority" name="signup" time="0.008"/>
  <system-out/>
  <testcase classname="com.Episode47MavanAttribute.AttributePriority" name="signOut" time="0.002"/>
  <system-out/>
  <testcase classname="com.Episode47MavanAttribute.AttributePriority" name="productsearch" time="0.001"/>
  <system-out/>
  <testcase classname="com.Episode47MavanAttribute.AttributePriority" name="login" time="0.000"/>
  <system-out/>
  <testcase classname="com.Episode47MavanAttribute.AttributePriority" name="addToCart" time="0.001"/>
  <system-out/>
</testsuite> <!-- com.Episode47MavanAttribute.AttributePriority -->
