<?xml version="1.0" encoding="UTF-8"?>
<!-- Generated by org.testng.reporters.JUnitReportReporter -->
<testsuite hostname="Guna" failures="0" tests="1" name="com.Episode39WindowHandling.WindowHandlingwithPrintAllWindow" time="13.116" errors="0" timestamp="2024-02-26T16:08:20 IST" skipped="0">
  <testcase classname="com.Episode39WindowHandling.WindowHandlingwithPrintAllWindow" name="main" time="13.116"/>
  <system-out/>
</testsuite> <!-- com.Episode39WindowHandling.WindowHandlingwithPrintAllWindow -->
