<?xml version="1.0" encoding="UTF-8"?>
<!-- Generated by org.testng.reporters.JUnitReportReporter -->
<testsuite hostname="Guna" failures="0" tests="1" name="com.Episode52TestNGthreadPoolSize.WindowHandling_expectedExceptions" time="14.973" errors="0" timestamp="2024-02-27T22:15:51 IST" skipped="0">
  <testcase classname="com.Episode52TestNGthreadPoolSize.WindowHandling_expectedExceptions" name="main" time="14.973"/>
  <system-out/>
</testsuite> <!-- com.Episode52TestNGthreadPoolSize.WindowHandling_expectedExceptions -->
