<?xml version="1.0" encoding="UTF-8"?>
<!-- Generated by org.testng.reporters.JUnitReportReporter -->
<testsuite hostname="Guna" failures="0" tests="1" name="com.Episode50MavanInvocationCountAndTime.WindowHandlingwithPrintAllWindow" time="12.700" errors="0" timestamp="2024-02-26T22:54:24 IST" skipped="0">
  <testcase classname="com.Episode50MavanInvocationCountAndTime.WindowHandlingwithPrintAllWindow" name="main" time="12.700"/>
  <system-out/>
</testsuite> <!-- com.Episode50MavanInvocationCountAndTime.WindowHandlingwithPrintAllWindow -->
