<?xml version="1.0" encoding="UTF-8"?>
<!-- Generated by org.testng.reporters.JUnitReportReporter -->
<testsuite hostname="Guna" failures="0" tests="1" name="com.Episode46MavanBasic.WindowHandlingwithPrintAllWindow" time="12.504" errors="0" timestamp="2024-02-26T16:49:05 IST" skipped="0">
  <testcase classname="com.Episode46MavanBasic.WindowHandlingwithPrintAllWindow" name="main" time="12.504"/>
  <system-out/>
</testsuite> <!-- com.Episode46MavanBasic.WindowHandlingwithPrintAllWindow -->
