<?xml version="1.0" encoding="UTF-8"?>
<!-- Generated by org.testng.reporters.JUnitReportReporter -->
<testsuite hostname="Guna" failures="0" tests="3" name="com.Episode52TestNGthreadPoolSize.WindowHandling" time="40.029" errors="0" timestamp="2024-02-27T22:05:51 IST" skipped="0">
  <testcase classname="com.Episode52TestNGthreadPoolSize.WindowHandling" name="main" time="14.650"/>
  <system-out/>
  <testcase classname="com.Episode52TestNGthreadPoolSize.WindowHandling" name="main" time="10.713"/>
  <system-out/>
  <testcase classname="com.Episode52TestNGthreadPoolSize.WindowHandling" name="main" time="14.666"/>
  <system-out/>
</testsuite> <!-- com.Episode52TestNGthreadPoolSize.WindowHandling -->
