<?xml version="1.0" encoding="UTF-8"?>
<!-- Generated by org.testng.reporters.JUnitReportReporter -->
<testsuite hostname="Guna" failures="0" tests="2" name="com.Episode55TestNGParametersInDetail.Parameters2" time="14.935" errors="0" timestamp="2024-03-03T19:42:38 IST" skipped="0">
  <testcase classname="com.Episode55TestNGParametersInDetail.Parameters2" name="login" time="8.345"/>
  <system-out/>
  <testcase classname="com.Episode55TestNGParametersInDetail.Parameters2" name="login" time="6.590"/>
  <system-out/>
</testsuite> <!-- com.Episode55TestNGParametersInDetail.Parameters2 -->
