<?xml version="1.0" encoding="UTF-8"?>
<!-- Generated by org.testng.reporters.JUnitReportReporter -->
<testsuite hostname="Guna" failures="0" tests="5" name="com.Episode49DepensOnMethod.AttributePriority" time="0.015" errors="0" timestamp="2024-02-26T20:55:33 IST" skipped="0">
  <testcase classname="com.Episode49DepensOnMethod.AttributePriority" name="productsearch" time="0.001"/>
  <system-out/>
  <testcase classname="com.Episode49DepensOnMethod.AttributePriority" name="signOut" time="0.001"/>
  <system-out/>
  <testcase classname="com.Episode49DepensOnMethod.AttributePriority" name="signup" time="0.010"/>
  <system-out/>
  <testcase classname="com.Episode49DepensOnMethod.AttributePriority" name="addToCart" time="0.001"/>
  <system-out/>
  <testcase classname="com.Episode49DepensOnMethod.AttributePriority" name="login" time="0.002"/>
  <system-out/>
</testsuite> <!-- com.Episode49DepensOnMethod.AttributePriority -->
