<?xml version="1.0" encoding="UTF-8"?>
<!-- Generated by org.testng.reporters.JUnitReportReporter -->
<testsuite hostname="Guna" failures="0" tests="2" name="com.Episode56TestNGDataprovider.DataProvider1" time="6.336" errors="0" timestamp="2024-03-03T21:28:46 IST" skipped="0">
  <testcase classname="com.Episode56TestNGDataprovider.DataProvider1" name="login" time="3.726"/>
  <system-out/>
  <testcase classname="com.Episode56TestNGDataprovider.DataProvider1" name="login" time="2.610"/>
  <system-out/>
</testsuite> <!-- com.Episode56TestNGDataprovider.DataProvider1 -->
