<?xml version="1.0" encoding="UTF-8"?>
<!-- Generated by org.testng.reporters.JUnitReportReporter -->
<testsuite hostname="Guna" failures="0" tests="1" name="com.Episode54TestNGParameters.Parameters1" time="4.206" errors="0" timestamp="2024-03-01T19:19:23 IST" skipped="0">
  <testcase classname="com.Episode54TestNGParameters.Parameters1" name="login" time="4.206"/>
  <system-out/>
</testsuite> <!-- com.Episode54TestNGParameters.Parameters1 -->
