<?xml version="1.0" encoding="UTF-8"?>
<!-- Generated by org.testng.reporters.JUnitReportReporter -->
<testsuite hostname="Guna" failures="0" tests="3" name="com.Episode53TestNGGroups.AttributePriority" time="0.010" errors="0" timestamp="2024-03-01T12:41:04 IST" skipped="0">
  <testcase classname="com.Episode53TestNGGroups.AttributePriority" name="productsearch" time="0.000"/>
  <system-out/>
  <testcase classname="com.Episode53TestNGGroups.AttributePriority" name="login" time="0.009"/>
  <system-out/>
  <testcase classname="com.Episode53TestNGGroups.AttributePriority" name="payment" time="0.001"/>
  <system-out/>
</testsuite> <!-- com.Episode53TestNGGroups.AttributePriority -->
