<?xml version="1.0" encoding="UTF-8"?>
<!-- Generated by org.testng.reporters.JUnitReportReporter -->
<testsuite hostname="Guna" failures="0" tests="1" name="com.guna1.Guna1.TestNGTest" time="0.007" errors="0" timestamp="2024-02-25T21:47:55 IST" skipped="0">
  <testcase classname="com.guna1.Guna1.TestNGTest" name="num" time="0.007"/>
  <system-out/>
</testsuite> <!-- com.guna1.Guna1.TestNGTest -->
