<?xml version="1.0" encoding="UTF-8"?>
<!-- Generated by org.testng.reporters.JUnitReportReporter -->
<testsuite hostname="Guna" failures="0" tests="1" name="com.Episode46MavanBasic.WindowHandling" time="10.255" errors="0" timestamp="2024-02-26T16:49:05 IST" skipped="0">
  <testcase classname="com.Episode46MavanBasic.WindowHandling" name="main" time="10.255"/>
  <system-out/>
</testsuite> <!-- com.Episode46MavanBasic.WindowHandling -->
