<?xml version="1.0" encoding="UTF-8"?>
<!-- Generated by org.testng.reporters.JUnitReportReporter -->
<testsuite hostname="Guna" failures="0" tests="1" name="com.Episode46TestNGBasic.WindowHandling" time="10.559" errors="0" timestamp="2024-02-27T22:25:48 IST" skipped="0">
  <testcase classname="com.Episode46TestNGBasic.WindowHandling" name="main" time="10.559"/>
  <system-out/>
</testsuite> <!-- com.Episode46TestNGBasic.WindowHandling -->
