<?xml version="1.0" encoding="UTF-8"?>
<!-- Generated by org.testng.reporters.JUnitReportReporter -->
<testsuite hostname="Guna" failures="0" tests="1" name="com.Episode50MavanInvocationCountAndTime.WindowHandling" time="23.152" errors="0" timestamp="2024-02-26T22:56:00 IST" skipped="0">
  <testcase classname="com.Episode50MavanInvocationCountAndTime.WindowHandling" name="main" time="23.152"/>
  <system-out/>
</testsuite> <!-- com.Episode50MavanInvocationCountAndTime.WindowHandling -->
