<?xml version="1.0" encoding="UTF-8"?>
<!-- Generated by org.testng.reporters.JUnitReportReporter -->
<testsuite hostname="Guna" failures="0" tests="2" name="com.Episode57TestNGDataproviderClassIndices.DataProvider2" time="6.287" errors="0" timestamp="2024-03-03T21:16:09 IST" skipped="0">
  <testcase classname="com.Episode57TestNGDataproviderClassIndices.DataProvider2" name="login" time="3.718"/>
  <system-out/>
  <testcase classname="com.Episode57TestNGDataproviderClassIndices.DataProvider2" name="login" time="2.569"/>
  <system-out/>
</testsuite> <!-- com.Episode57TestNGDataproviderClassIndices.DataProvider2 -->
